<?xml version="1.0" encoding="UTF-8"?>
<!-- Generated by org.testng.reporters.JUnitReportReporter -->
<testsuite hostname="DESKTOP-1BKDMAK" failures="0" tests="2" name="com.ck.qa.testdata.HomePageTest" time="49.897" errors="0" timestamp="15 Dec 2018 05:20:38 GMT" skipped="0">
  <testcase classname="com.ck.qa.testdata.HomePageTest" name="titleTest" time="18.301"/>
  <testcase classname="com.ck.qa.testdata.HomePageTest" name="UsernameTest" time="31.596"/>
</testsuite> <!-- com.ck.qa.testdata.HomePageTest -->
