<?xml version="1.0" encoding="UTF-8"?>
<!-- Generated by org.testng.reporters.JUnitReportReporter -->
<testsuite skipped="0" hostname="DESKTOP-1BKDMAK" name="com.ck.qa.pages.Excecutor" tests="1" failures="0" timestamp="07 Jan 2019 06:12:48 GMT" time="21.358" errors="0">
  <testcase name="javascriptExecutorClickDemo" time="21.358" classname="com.ck.qa.pages.Excecutor"/>
</testsuite> <!-- com.ck.qa.pages.Excecutor -->
