<?xml version="1.0" encoding="UTF-8"?>
<!-- Generated by org.testng.reporters.JUnitReportReporter -->
<testsuite skipped="0" hostname="DESKTOP-1BKDMAK" name="com.ck.qa.testcases.DashboardTest" tests="2" failures="0" timestamp="05 Jan 2019 14:02:00 GMT" time="65.557" errors="0">
  <testcase name="DashboardtitleTest" time="18.993" classname="com.ck.qa.testcases.DashboardTest"/>
  <testcase name="ClickOnOrderTest" time="46.564" classname="com.ck.qa.testcases.DashboardTest"/>
</testsuite> <!-- com.ck.qa.testcases.DashboardTest -->
