<?xml version="1.0" encoding="UTF-8"?>
<!-- Generated by org.testng.reporters.JUnitReportReporter -->
<testsuite skipped="0" hostname="DESKTOP-1BKDMAK" name="com.ck.qa.testcases.HomePageTest" tests="2" failures="0" timestamp="05 Jan 2019 10:05:40 GMT" time="40.879" errors="0">
  <testcase name="titleTest" time="20.310" classname="com.ck.qa.testcases.HomePageTest"/>
  <testcase name="ClickOnOrderTest" time="20.569" classname="com.ck.qa.testcases.HomePageTest"/>
</testsuite> <!-- com.ck.qa.testcases.HomePageTest -->
