<?xml version="1.0" encoding="UTF-8"?>
<!-- Generated by org.testng.reporters.JUnitReportReporter -->
<testsuite hostname="DESKTOP-1BKDMAK" failures="0" tests="2" name="com.ck.qa.testdata.LoginPageTest" time="40.119" errors="0" timestamp="15 Dec 2018 05:24:59 GMT" skipped="0">
  <testcase classname="com.ck.qa.testdata.LoginPageTest" name="loginPageTitleTest" time="21.852"/>
  <testcase classname="com.ck.qa.testdata.LoginPageTest" name="loginTest" time="18.267"/>
</testsuite> <!-- com.ck.qa.testdata.LoginPageTest -->
